<?xml version="1.0" encoding="UTF-8"?>
<!-- Generated by org.testng.reporters.JUnitReportReporter -->
<testsuite hostname="Reazs-MacBook-Pro.local" name="com.test.RegistrationTest" tests="1" failures="0" timestamp="19 Aug 2018 16:46:12 GMT" time="4.181" errors="0">
  <testcase name="registrationTest" time="4.181" classname="com.test.RegistrationTest"/>
</testsuite> <!-- com.test.RegistrationTest -->
