<?xml version="1.0" encoding="UTF-8"?>
<!-- Generated by org.testng.reporters.JUnitReportReporter -->
<testsuite hostname="Reazs-MacBook-Pro.local" name="com.test.RegistrationTest" tests="1" failures="0" timestamp="4 Aug 2018 17:25:58 GMT" time="9.793" errors="0">
  <testcase name="registrationTest" time="9.793" classname="com.test.RegistrationTest"/>
</testsuite> <!-- com.test.RegistrationTest -->
