<?xml version="1.0" encoding="UTF-8"?>
<!-- Generated by org.testng.reporters.JUnitReportReporter -->
<testsuite hostname="Reazs-MacBook-Pro.local" name="com.extent.test.TestWithExtentReporting" tests="1" failures="0" timestamp="19 Aug 2018 17:11:48 GMT" time="7.782" errors="0">
  <testcase name="registrationTest" time="7.782" classname="com.extent.test.TestWithExtentReporting"/>
</testsuite> <!-- com.extent.test.TestWithExtentReporting -->
