<?xml version="1.0" encoding="UTF-8"?>
<!-- Generated by org.testng.reporters.JUnitReportReporter -->
<testsuite hostname="Reazs-MacBook-Pro.local" name="com.pom.test.MercendiseTest" tests="1" failures="0" timestamp="11 Aug 2018 17:43:43 GMT" time="14.868" errors="0">
  <testcase name="sortingByHighToLow" time="14.868" classname="com.pom.test.MercendiseTest"/>
</testsuite> <!-- com.pom.test.MercendiseTest -->
