<?xml version="1.0" encoding="UTF-8"?>
<!-- Generated by org.testng.reporters.JUnitReportReporter -->
<testsuite hostname="Reazs-MacBook-Pro.local" name="com.pom.test.GuiftCardTest" tests="1" failures="0" timestamp="11 Aug 2018 17:53:31 GMT" time="18.226" errors="0">
  <testcase name="fiveDollarGuiftCardTest" time="18.226" classname="com.pom.test.GuiftCardTest"/>
</testsuite> <!-- com.pom.test.GuiftCardTest -->
