<?xml version="1.0" encoding="UTF-8"?>
<!-- Generated by org.testng.reporters.JUnitReportReporter -->
<testsuite hostname="Reazs-MacBook-Pro.local" name="com.jdbc.test.MySqlDBTest" tests="1" failures="0" timestamp="19 Aug 2018 17:58:03 GMT" time="0.587" errors="0">
  <testcase name="allEmployeeTest" time="0.587" classname="com.jdbc.test.MySqlDBTest"/>
</testsuite> <!-- com.jdbc.test.MySqlDBTest -->
