<?xml version="1.0" encoding="UTF-8"?>
<!-- Generated by org.testng.reporters.JUnitReportReporter -->
<testsuite hostname="Reazs-MacBook-Pro.local" name="com.pom.pf.test.GuiftCardPFTest" tests="1" failures="0" timestamp="11 Aug 2018 18:26:02 GMT" time="11.453" errors="0">
  <testcase name="fiveDollarCardTest" time="11.453" classname="com.pom.pf.test.GuiftCardPFTest"/>
</testsuite> <!-- com.pom.pf.test.GuiftCardPFTest -->
