<?xml version="1.0" encoding="UTF-8"?>
<!-- Generated by org.testng.reporters.JUnitReportReporter -->
<testsuite hostname="Reazs-MacBook-Pro.local" name="com.pom.test.SignUpTest" tests="1" failures="0" timestamp="12 Aug 2018 17:46:15 GMT" time="14.028" errors="0">
  <testcase name="testRegistration" time="14.028" classname="com.pom.test.SignUpTest"/>
</testsuite> <!-- com.pom.test.SignUpTest -->
