<?xml version="1.0" encoding="UTF-8"?>
<!-- Generated by org.testng.reporters.JUnitReportReporter -->
<testsuite hostname="Reazs-MacBook-Pro.local" name="com.pom.pf.test.LogintestPF" tests="1" failures="0" timestamp="11 Aug 2018 18:17:10 GMT" time="13.969" errors="0">
  <testcase name="loginTest" time="13.969" classname="com.pom.pf.test.LogintestPF"/>
</testsuite> <!-- com.pom.pf.test.LogintestPF -->
